<?xml version="1.0" encoding="UTF-8"?>
<!-- Generated by org.testng.reporters.JUnitReportReporter -->
<testsuite skipped="0" hostname="anands-MacBook-Air.local" name="quicklunch.NewTest" tests="1" failures="0" timestamp="14 Feb 2019 20:10:29 GMT" time="8.456" errors="0">
  <testcase name="ClickCallsTab" time="8.456" classname="quicklunch.NewTest"/>
</testsuite> <!-- quicklunch.NewTest -->
